<?xml version="1.0" encoding="UTF-8"?>
<!-- Generated by org.testng.reporters.JUnitReportReporter -->
<testsuite skipped="0" hostname="Saritha-PC" name="com.GroupingExe.GroupingExe" tests="5" failures="0" timestamp="2019-12-15T21:30:28 IST" time="0.031" errors="0">
  <testcase name="FT3" time="0.000" classname="com.GroupingExe.GroupingExe"/>
  <testcase name="IT1" time="0.000" classname="com.GroupingExe.GroupingExe"/>
  <testcase name="FT1" time="0.015" classname="com.GroupingExe.GroupingExe"/>
  <testcase name="IT2" time="0.000" classname="com.GroupingExe.GroupingExe"/>
  <testcase name="FT2" time="0.016" classname="com.GroupingExe.GroupingExe"/>
</testsuite> <!-- com.GroupingExe.GroupingExe -->
