<?xml version="1.0" encoding="UTF-8"?>
<!-- Generated by org.testng.reporters.JUnitReportReporter -->
<testsuite skipped="0" hostname="Saritha-PC" name="com.Datadriven.Demo" tests="1" failures="0" timestamp="2019-12-23T23:31:48 IST" time="12.019" errors="0">
  <testcase name="main1" time="12.019" classname="com.Datadriven.Demo"/>
</testsuite> <!-- com.Datadriven.Demo -->
