<?xml version="1.0" encoding="UTF-8"?>
<!-- Generated by org.testng.reporters.JUnitReportReporter -->
<testsuite skipped="0" hostname="Saritha-PC" name="testng.Assert" tests="1" failures="0" timestamp="2019-12-13T10:52:26 IST" time="8.808" errors="0">
  <testcase name="login" time="8.808" classname="testng.Assert"/>
</testsuite> <!-- testng.Assert -->
