<?xml version="1.0" encoding="UTF-8"?>
<!-- Generated by org.testng.reporters.JUnitReportReporter -->
<testsuite skipped="0" hostname="Saritha-PC" name="com.TestNG.Tasks.DemoDataDri" tests="1" failures="0" timestamp="2019-12-23T23:27:06 IST" time="0.870" errors="0">
  <testcase name="main2" time="0.870" classname="com.TestNG.Tasks.DemoDataDri"/>
</testsuite> <!-- com.TestNG.Tasks.DemoDataDri -->
